<?xml version="1.0" encoding="UTF-8"?>
<testsuite name="com.example.posworks03v2.FizzBuzzTest" tests="1" skipped="0" failures="0" errors="0" timestamp="2023-10-20T21:07:04" hostname="INGJUAN" time="0.017">
  <properties/>
  <testcase name="testFizzBuzz()" classname="com.example.posworks03v2.FizzBuzzTest" time="0.017"/>
  <system-out><![CDATA[]]></system-out>
  <system-err><![CDATA[]]></system-err>
</testsuite>
